<?xml version="1.0" encoding="UTF-8"?>
<!-- Generated by org.testng.reporters.JUnitReportReporter -->
<testsuite hostname="L3304" failures="0" tests="6" name="cucumberOptions.TestRunner" time="37.667" errors="0" timestamp="2022-11-14T09:36:20 NZDT" skipped="0">
  <testcase classname="cucumberOptions.TestRunner" name="runScenario" time="7.228"/>
  <system-out/>
  <testcase classname="cucumberOptions.TestRunner" name="runScenario" time="7.093"/>
  <system-out/>
  <testcase classname="cucumberOptions.TestRunner" name="runScenario" time="2.286"/>
  <system-out/>
  <testcase classname="cucumberOptions.TestRunner" name="runScenario" time="6.511"/>
  <system-out/>
  <testcase classname="cucumberOptions.TestRunner" name="runScenario" time="6.748"/>
  <system-out/>
  <testcase classname="cucumberOptions.TestRunner" name="runScenario" time="7.801"/>
  <system-out/>
</testsuite> <!-- cucumberOptions.TestRunner -->
