<?xml version="1.0" encoding="UTF-8"?>
<!-- Generated by org.testng.reporters.JUnitReportReporter -->
<testsuite hostname="L3304" failures="0" tests="6" name="cucumberOptions.TestRunner" time="35.645" errors="0" timestamp="2022-11-14T11:40:52 NZDT" skipped="0">
  <testcase classname="cucumberOptions.TestRunner" name="runScenario" time="6.488"/>
  <system-out/>
  <testcase classname="cucumberOptions.TestRunner" name="runScenario" time="8.138"/>
  <system-out/>
  <testcase classname="cucumberOptions.TestRunner" name="runScenario" time="6.525"/>
  <system-out/>
  <testcase classname="cucumberOptions.TestRunner" name="runScenario" time="1.746"/>
  <system-out/>
  <testcase classname="cucumberOptions.TestRunner" name="runScenario" time="6.196"/>
  <system-out/>
  <testcase classname="cucumberOptions.TestRunner" name="runScenario" time="6.552"/>
  <system-out/>
</testsuite> <!-- cucumberOptions.TestRunner -->
