<?xml version="1.0" encoding="UTF-8"?>
<!-- Generated by org.testng.reporters.JUnitReportReporter -->
<testsuite hostname="L3304" failures="0" tests="6" name="cucumberOptions.TestRunner" time="35.371" errors="0" timestamp="2022-11-14T11:36:44 NZDT" skipped="0">
  <testcase classname="cucumberOptions.TestRunner" name="runScenario" time="7.267"/>
  <system-out/>
  <testcase classname="cucumberOptions.TestRunner" name="runScenario" time="6.719"/>
  <system-out/>
  <testcase classname="cucumberOptions.TestRunner" name="runScenario" time="6.321"/>
  <system-out/>
  <testcase classname="cucumberOptions.TestRunner" name="runScenario" time="1.756"/>
  <system-out/>
  <testcase classname="cucumberOptions.TestRunner" name="runScenario" time="6.665"/>
  <system-out/>
  <testcase classname="cucumberOptions.TestRunner" name="runScenario" time="6.643"/>
  <system-out/>
</testsuite> <!-- cucumberOptions.TestRunner -->
